<?xml version="1.0" encoding="UTF-8"?>
<testsuites name="TS_CURA_Logout_005" time="18.188" tests="1" failures="0" errors="0">
   <testsuite name="TS_CURA_Logout_005" tests="1" failures="0" errors="0" time="18.188" skipped="0" timestamp="31-01-2024T01:13:20" hostname="preetham - preethams-mbp" id="Test Suites/CURA_Test Suites/TS_CURA_Logout_005">
      <properties>
         <property name="deviceName" value=""/>
         <property name="devicePlatform" value=""/>
         <property name="logFolder" value="/Users/preetham/git/SI-GuidedProject-705189-1706291116/Reports/20240131_011133/CURA_Test Suites/TS_CURA_Logout_005/20240131_011140"/>
         <property name="logFiles" value="/Users/preetham/git/SI-GuidedProject-705189-1706291116/Reports/20240131_011133/CURA_Test Suites/TS_CURA_Logout_005/20240131_011140/execution0.log"/>
         <property name="attachments" value=""/>
         <property name="hostName" value="preetham - preethams-mbp"/>
         <property name="os" value="Mac OS X 64bit"/>
         <property name="katalonVersion" value="9.1.0.212"/>
         <property name="browser" value="Chrome 120.0.0.0"/>
         <property name="hostAddress" value="192.168.5.143"/>
         <property name="sessionId" value="fd4f7c21b022341be63388fd8924baf7"/>
         <property name="seleniumVersion" value="3.141.59"/>
         <property name="proxyInformation" value="ProxyInformation { proxyOption=NO_PROXY, proxyServerType=HTTP, username=, password=********, proxyServerAddress=, proxyServerPort=0, executionList=&quot;&quot;, isApplyToDesiredCapabilities=true }"/>
         <property name="platform" value="Mac OS X"/>
      </properties>
      <testcase name="Test Cases/TC_CURA_Logout_005" time="18.042" classname="Test Cases/TC_CURA_Logout_005" status="PASSED">
         <system-out><![CDATA[31-01-2024T01:13:21 - [TEST_CASE][PASSED] - Test Cases/TC_CURA_Logout_005: Test Cases/TC_CURA_Logout_005

31-01-2024T01:13:21 - [TEST_STEP][PASSED] - Start listener action : sampleBeforeTestCase: Current window maximized

31-01-2024T01:13:21 - [TEST_STEP][PASSED] - openBrowser(""): Browser is opened with url: ''

31-01-2024T01:13:21 - [MESSAGE][INFO] - Starting 'Chrome' driver

31-01-2024T01:13:21 - [MESSAGE][INFO] - Action delay is set to 0 milliseconds

31-01-2024T01:13:23 - [MESSAGE][PASSED] - Browser is opened with url: ''

31-01-2024T01:13:23 - [TEST_STEP][PASSED] - navigateToUrl("https://katalon-demo-cura.herokuapp.com/"): Navigate to 'https://katalon-demo-cura.herokuapp.com/' successfully

31-01-2024T01:13:25 - [MESSAGE][PASSED] - Navigate to 'https://katalon-demo-cura.herokuapp.com/' successfully

31-01-2024T01:13:25 - [TEST_STEP][PASSED] - maximizeWindow(): Current window maximized

31-01-2024T01:13:26 - [MESSAGE][PASSED] - Current window maximized

31-01-2024T01:13:26 - [TEST_STEP][PASSED] - click(findTestObject("Object Repository/CURA_Pages_OR/Page_CURA Healthcare Service/a_Make Appointment")): Object: 'Object Repository/CURA_Pages_OR/Page_CURA Healthcare Service/a_Make Appointment' is clicked on

31-01-2024T01:13:27 - [MESSAGE][PASSED] - Object: 'Object Repository/CURA_Pages_OR/Page_CURA Healthcare Service/a_Make Appointment' is clicked on

31-01-2024T01:13:27 - [TEST_STEP][PASSED] - setText(findTestObject("Object Repository/CURA_Pages_OR/Page_CURA Healthcare Service/input_Username_username"), findTestData("DDT_Test Data/CURA_Login_InternalData").getValue("input_Username", 1)): Text 'John Doe' is set on object 'Object Repository/CURA_Pages_OR/Page_CURA Healthcare Service/input_Username_username'

31-01-2024T01:13:28 - [MESSAGE][PASSED] - Text 'John Doe' is set on object 'Object Repository/CURA_Pages_OR/Page_CURA Healthcare Service/input_Username_username'

31-01-2024T01:13:28 - [TEST_STEP][PASSED] - setText(findTestObject("Object Repository/CURA_Pages_OR/Page_CURA Healthcare Service/input_Password_password"), findTestData("DDT_Test Data/CURA_Login_InternalData").getValue("input_Password", 1)): Text 'ThisIsNotAPassword' is set on object 'Object Repository/CURA_Pages_OR/Page_CURA Healthcare Service/input_Password_password'

31-01-2024T01:13:29 - [MESSAGE][PASSED] - Text 'ThisIsNotAPassword' is set on object 'Object Repository/CURA_Pages_OR/Page_CURA Healthcare Service/input_Password_password'

31-01-2024T01:13:29 - [TEST_STEP][PASSED] - click(findTestObject("Object Repository/CURA_Pages_OR/Page_CURA Healthcare Service/button_Login")): Object: 'Object Repository/CURA_Pages_OR/Page_CURA Healthcare Service/button_Login' is clicked on

31-01-2024T01:13:30 - [MESSAGE][PASSED] - Object: 'Object Repository/CURA_Pages_OR/Page_CURA Healthcare Service/button_Login' is clicked on

31-01-2024T01:13:30 - [TEST_STEP][PASSED] - verifyElementPresent(findTestObject("Object Repository/CURA_Pages_OR/Page_CURA Healthcare Service/h2_Make Appointment"), 0): Object 'Object Repository/CURA_Pages_OR/Page_CURA Healthcare Service/h2_Make Appointment' is present

31-01-2024T01:13:30 - [MESSAGE][WARNING] - Timeout '0' is invalid. Using default page load timeout: '30'

31-01-2024T01:13:30 - [MESSAGE][PASSED] - Object 'Object Repository/CURA_Pages_OR/Page_CURA Healthcare Service/h2_Make Appointment' is present

31-01-2024T01:13:30 - [TEST_STEP][PASSED] - delay(1): Delayed 1 second(s)

31-01-2024T01:13:31 - [MESSAGE][PASSED] - Delayed 1 second(s)

31-01-2024T01:13:31 - [TEST_STEP][PASSED] - click(findTestObject("Object Repository/CURA_Pages_OR/Page_CURA Healthcare Service/amenu-toggle")): Object: 'Object Repository/CURA_Pages_OR/Page_CURA Healthcare Service/amenu-toggle' is clicked on

31-01-2024T01:13:32 - [MESSAGE][PASSED] - Object: 'Object Repository/CURA_Pages_OR/Page_CURA Healthcare Service/amenu-toggle' is clicked on

31-01-2024T01:13:32 - [TEST_STEP][PASSED] - delay(2): Delayed 2 second(s)

31-01-2024T01:13:34 - [MESSAGE][PASSED] - Delayed 2 second(s)

31-01-2024T01:13:34 - [TEST_STEP][PASSED] - verifyElementPresent(findTestObject("Object Repository/CURA_Pages_OR/Page_CURA Healthcare Service/a_Logout"), 0): Object 'Object Repository/CURA_Pages_OR/Page_CURA Healthcare Service/a_Logout' is present

31-01-2024T01:13:34 - [MESSAGE][WARNING] - Timeout '0' is invalid. Using default page load timeout: '30'

31-01-2024T01:13:34 - [MESSAGE][PASSED] - Object 'Object Repository/CURA_Pages_OR/Page_CURA Healthcare Service/a_Logout' is present

31-01-2024T01:13:34 - [TEST_STEP][PASSED] - verifyElementClickable(findTestObject("Object Repository/CURA_Pages_OR/Page_CURA Healthcare Service/a_Logout")): Object 'Object Repository/CURA_Pages_OR/Page_CURA Healthcare Service/a_Logout' is clickable

31-01-2024T01:13:34 - [MESSAGE][PASSED] - Object 'Object Repository/CURA_Pages_OR/Page_CURA Healthcare Service/a_Logout' is clickable

31-01-2024T01:13:34 - [TEST_STEP][PASSED] - click(findTestObject("Object Repository/CURA_Pages_OR/Page_CURA Healthcare Service/a_Logout")): Object: 'Object Repository/CURA_Pages_OR/Page_CURA Healthcare Service/a_Logout' is clicked on

31-01-2024T01:13:35 - [MESSAGE][PASSED] - Object: 'Object Repository/CURA_Pages_OR/Page_CURA Healthcare Service/a_Logout' is clicked on

31-01-2024T01:13:35 - [TEST_STEP][PASSED] - click(findTestObject("Object Repository/CURA_Pages_OR/Page_CURA Healthcare Service/amenu-toggle")): Object: 'Object Repository/CURA_Pages_OR/Page_CURA Healthcare Service/amenu-toggle' is clicked on

31-01-2024T01:13:36 - [MESSAGE][PASSED] - Object: 'Object Repository/CURA_Pages_OR/Page_CURA Healthcare Service/amenu-toggle' is clicked on

31-01-2024T01:13:36 - [TEST_STEP][PASSED] - delay(2): Delayed 2 second(s)

31-01-2024T01:13:38 - [MESSAGE][PASSED] - Delayed 2 second(s)

31-01-2024T01:13:38 - [TEST_STEP][PASSED] - verifyElementPresent(findTestObject("Object Repository/CURA_Pages_OR/Page_CURA Healthcare Service/a_Login"), 0): Object 'Object Repository/CURA_Pages_OR/Page_CURA Healthcare Service/a_Login' is present

31-01-2024T01:13:38 - [MESSAGE][WARNING] - Timeout '0' is invalid. Using default page load timeout: '30'

31-01-2024T01:13:38 - [MESSAGE][PASSED] - Object 'Object Repository/CURA_Pages_OR/Page_CURA Healthcare Service/a_Login' is present

31-01-2024T01:13:38 - [TEST_STEP][PASSED] - verifyElementClickable(findTestObject("Object Repository/CURA_Pages_OR/Page_CURA Healthcare Service/a_Login")): Object 'Object Repository/CURA_Pages_OR/Page_CURA Healthcare Service/a_Login' is clickable

31-01-2024T01:13:38 - [MESSAGE][PASSED] - Object 'Object Repository/CURA_Pages_OR/Page_CURA Healthcare Service/a_Login' is clickable

31-01-2024T01:13:38 - [TEST_STEP][PASSED] - Start listener action : sampleAfterTestCase: Browser is closed

31-01-2024T01:13:38 - [TEST_STEP][PASSED] - closeBrowser(): Browser is closed

31-01-2024T01:13:39 - [MESSAGE][PASSED] - Browser is closed]]></system-out>
         <system-err><![CDATA[]]></system-err>
      </testcase>
      <system-out><![CDATA[31-01-2024T01:13:20 - [TEST_SUITE][PASSED] - TS_CURA_Logout_005: Test Cases/TC_CURA_Logout_005]]></system-out>
      <system-err><![CDATA[]]></system-err>
   </testsuite>
</testsuites>
