<?xml version="1.0" encoding="UTF-8"?>
<testsuites name="CURA_TestSuite_Logout_005" time="13.847" tests="1" failures="0" errors="0">
   <testsuite name="CURA_TestSuite_Logout_005" tests="1" failures="0" errors="0" time="13.847" skipped="0" timestamp="31-01-2024T17:47:01" hostname="preetham - localhost" id="Test Suites/CURA_TestSuites/CURA_TestSuite_Logout_005">
      <properties>
         <property name="deviceName" value=""/>
         <property name="devicePlatform" value=""/>
         <property name="logFolder" value="/Users/preetham/git/SI-GuidedProject-705189-1706291116/Reports/20240131_174622/CURA_TestSuites/CURA_TestSuite_Logout_005/20240131_174644"/>
         <property name="logFiles" value="/Users/preetham/git/SI-GuidedProject-705189-1706291116/Reports/20240131_174622/CURA_TestSuites/CURA_TestSuite_Logout_005/20240131_174644/execution0.log"/>
         <property name="attachments" value=""/>
         <property name="hostName" value="preetham - localhost"/>
         <property name="os" value="Mac OS X 64bit"/>
         <property name="katalonVersion" value="9.1.0.212"/>
         <property name="browser" value="Chrome 121.0.6167.139"/>
         <property name="hostAddress" value="127.0.0.1"/>
         <property name="sessionId" value="370621f7004870ac4d14b31b7a1f1562"/>
         <property name="seleniumVersion" value="3.141.59"/>
         <property name="proxyInformation" value="ProxyInformation { proxyOption=NO_PROXY, proxyServerType=HTTP, username=, password=********, proxyServerAddress=, proxyServerPort=0, executionList=&quot;&quot;, isApplyToDesiredCapabilities=true }"/>
         <property name="platform" value="Mac OS X"/>
      </properties>
      <testcase name="Test Cases/TC_CURA_Logout_005" time="13.665" classname="Test Cases/TC_CURA_Logout_005" status="PASSED">
         <system-out><![CDATA[31-01-2024T17:47:01 - [TEST_CASE][PASSED] - Test Cases/TC_CURA_Logout_005: Test Cases/TC_CURA_Logout_005

31-01-2024T17:47:02 - [TEST_STEP][PASSED] - Start listener action : sampleBeforeTestCase: Current window maximized

31-01-2024T17:47:02 - [TEST_STEP][PASSED] - openBrowser(""): Browser is opened with url: ''

31-01-2024T17:47:02 - [MESSAGE][INFO] - Starting 'Chrome (headless)' driver

31-01-2024T17:47:02 - [MESSAGE][INFO] - Action delay is set to 0 milliseconds

31-01-2024T17:47:03 - [MESSAGE][PASSED] - Browser is opened with url: ''

31-01-2024T17:47:03 - [TEST_STEP][PASSED] - navigateToUrl("https://katalon-demo-cura.herokuapp.com/"): Navigate to 'https://katalon-demo-cura.herokuapp.com/' successfully

31-01-2024T17:47:06 - [MESSAGE][PASSED] - Navigate to 'https://katalon-demo-cura.herokuapp.com/' successfully

31-01-2024T17:47:06 - [TEST_STEP][PASSED] - maximizeWindow(): Current window maximized

31-01-2024T17:47:07 - [MESSAGE][PASSED] - Current window maximized

31-01-2024T17:47:07 - [TEST_STEP][PASSED] - click(findTestObject("Object Repository/CURA_Pages_OR/Page_CURA Healthcare Service/a_Make Appointment")): Object: 'Object Repository/CURA_Pages_OR/Page_CURA Healthcare Service/a_Make Appointment' is clicked on

31-01-2024T17:47:07 - [MESSAGE][PASSED] - Object: 'Object Repository/CURA_Pages_OR/Page_CURA Healthcare Service/a_Make Appointment' is clicked on

31-01-2024T17:47:07 - [TEST_STEP][PASSED] - setText(findTestObject("Object Repository/CURA_Pages_OR/Page_CURA Healthcare Service/input_Username_username"), findTestData("DDT_Test Data/CURA_Login_TestData").getValue("input_Username", 1)): Text 'John Doe' is set on object 'Object Repository/CURA_Pages_OR/Page_CURA Healthcare Service/input_Username_username'

31-01-2024T17:47:08 - [MESSAGE][PASSED] - Text 'John Doe' is set on object 'Object Repository/CURA_Pages_OR/Page_CURA Healthcare Service/input_Username_username'

31-01-2024T17:47:08 - [TEST_STEP][PASSED] - setText(findTestObject("Object Repository/CURA_Pages_OR/Page_CURA Healthcare Service/input_Password_password"), findTestData("DDT_Test Data/CURA_Login_TestData").getValue("input_Password", 1)): Text 'ThisIsNotAPassword' is set on object 'Object Repository/CURA_Pages_OR/Page_CURA Healthcare Service/input_Password_password'

31-01-2024T17:47:08 - [MESSAGE][PASSED] - Text 'ThisIsNotAPassword' is set on object 'Object Repository/CURA_Pages_OR/Page_CURA Healthcare Service/input_Password_password'

31-01-2024T17:47:08 - [TEST_STEP][PASSED] - click(findTestObject("Object Repository/CURA_Pages_OR/Page_CURA Healthcare Service/button_Login")): Object: 'Object Repository/CURA_Pages_OR/Page_CURA Healthcare Service/button_Login' is clicked on

31-01-2024T17:47:09 - [MESSAGE][PASSED] - Object: 'Object Repository/CURA_Pages_OR/Page_CURA Healthcare Service/button_Login' is clicked on

31-01-2024T17:47:09 - [TEST_STEP][PASSED] - verifyElementPresent(findTestObject("Object Repository/CURA_Pages_OR/Page_CURA Healthcare Service/h2_Make Appointment"), 0): Object 'Object Repository/CURA_Pages_OR/Page_CURA Healthcare Service/h2_Make Appointment' is present

31-01-2024T17:47:09 - [MESSAGE][WARNING] - Timeout '0' is invalid. Using default page load timeout: '30'

31-01-2024T17:47:09 - [MESSAGE][PASSED] - Object 'Object Repository/CURA_Pages_OR/Page_CURA Healthcare Service/h2_Make Appointment' is present

31-01-2024T17:47:09 - [TEST_STEP][PASSED] - delay(1): Delayed 1 second(s)

31-01-2024T17:47:10 - [MESSAGE][PASSED] - Delayed 1 second(s)

31-01-2024T17:47:10 - [TEST_STEP][PASSED] - click(findTestObject("Object Repository/CURA_Pages_OR/Page_CURA Healthcare Service/amenu-toggle")): Object: 'Object Repository/CURA_Pages_OR/Page_CURA Healthcare Service/amenu-toggle' is clicked on

31-01-2024T17:47:10 - [MESSAGE][PASSED] - Object: 'Object Repository/CURA_Pages_OR/Page_CURA Healthcare Service/amenu-toggle' is clicked on

31-01-2024T17:47:10 - [TEST_STEP][PASSED] - delay(2): Delayed 2 second(s)

31-01-2024T17:47:12 - [MESSAGE][PASSED] - Delayed 2 second(s)

31-01-2024T17:47:12 - [TEST_STEP][PASSED] - verifyElementPresent(findTestObject("Object Repository/CURA_Pages_OR/Page_CURA Healthcare Service/a_Logout"), 0): Object 'Object Repository/CURA_Pages_OR/Page_CURA Healthcare Service/a_Logout' is present

31-01-2024T17:47:12 - [MESSAGE][WARNING] - Timeout '0' is invalid. Using default page load timeout: '30'

31-01-2024T17:47:12 - [MESSAGE][PASSED] - Object 'Object Repository/CURA_Pages_OR/Page_CURA Healthcare Service/a_Logout' is present

31-01-2024T17:47:12 - [TEST_STEP][PASSED] - verifyElementClickable(findTestObject("Object Repository/CURA_Pages_OR/Page_CURA Healthcare Service/a_Logout")): Object 'Object Repository/CURA_Pages_OR/Page_CURA Healthcare Service/a_Logout' is clickable

31-01-2024T17:47:12 - [MESSAGE][PASSED] - Object 'Object Repository/CURA_Pages_OR/Page_CURA Healthcare Service/a_Logout' is clickable

31-01-2024T17:47:12 - [TEST_STEP][PASSED] - click(findTestObject("Object Repository/CURA_Pages_OR/Page_CURA Healthcare Service/a_Logout")): Object: 'Object Repository/CURA_Pages_OR/Page_CURA Healthcare Service/a_Logout' is clicked on

31-01-2024T17:47:13 - [MESSAGE][PASSED] - Object: 'Object Repository/CURA_Pages_OR/Page_CURA Healthcare Service/a_Logout' is clicked on

31-01-2024T17:47:13 - [TEST_STEP][PASSED] - click(findTestObject("Object Repository/CURA_Pages_OR/Page_CURA Healthcare Service/amenu-toggle")): Object: 'Object Repository/CURA_Pages_OR/Page_CURA Healthcare Service/amenu-toggle' is clicked on

31-01-2024T17:47:13 - [MESSAGE][PASSED] - Object: 'Object Repository/CURA_Pages_OR/Page_CURA Healthcare Service/amenu-toggle' is clicked on

31-01-2024T17:47:13 - [TEST_STEP][PASSED] - delay(2): Delayed 2 second(s)

31-01-2024T17:47:15 - [MESSAGE][PASSED] - Delayed 2 second(s)

31-01-2024T17:47:15 - [TEST_STEP][PASSED] - verifyElementPresent(findTestObject("Object Repository/CURA_Pages_OR/Page_CURA Healthcare Service/a_Login"), 0): Object 'Object Repository/CURA_Pages_OR/Page_CURA Healthcare Service/a_Login' is present

31-01-2024T17:47:15 - [MESSAGE][WARNING] - Timeout '0' is invalid. Using default page load timeout: '30'

31-01-2024T17:47:15 - [MESSAGE][PASSED] - Object 'Object Repository/CURA_Pages_OR/Page_CURA Healthcare Service/a_Login' is present

31-01-2024T17:47:15 - [TEST_STEP][PASSED] - verifyElementClickable(findTestObject("Object Repository/CURA_Pages_OR/Page_CURA Healthcare Service/a_Login")): Object 'Object Repository/CURA_Pages_OR/Page_CURA Healthcare Service/a_Login' is clickable

31-01-2024T17:47:15 - [MESSAGE][PASSED] - Object 'Object Repository/CURA_Pages_OR/Page_CURA Healthcare Service/a_Login' is clickable

31-01-2024T17:47:15 - [TEST_STEP][PASSED] - Start listener action : sampleAfterTestCase: Browser is closed

31-01-2024T17:47:15 - [TEST_STEP][PASSED] - closeBrowser(): Browser is closed

31-01-2024T17:47:15 - [MESSAGE][PASSED] - Browser is closed]]></system-out>
         <system-err><![CDATA[]]></system-err>
      </testcase>
      <system-out><![CDATA[31-01-2024T17:47:01 - [TEST_SUITE][PASSED] - CURA_TestSuite_Logout_005: Test Cases/TC_CURA_Logout_005]]></system-out>
      <system-err><![CDATA[]]></system-err>
   </testsuite>
</testsuites>
