<?xml version="1.0" encoding="UTF-8"?>
<testsuites name="CURA_TestSuiteCollection_001" time="114.439" tests="4" failures="0" errors="0">
   <testsuite name="CURA_TestSuite_Login_001" tests="1" failures="0" errors="0" time="10.97" skipped="0" timestamp="31-01-2024T17:36:35" hostname="preetham - localhost" id="Test Suites/CURA_TestSuites/CURA_TestSuite_Login_001">
      <properties>
         <property name="deviceName" value=""/>
         <property name="devicePlatform" value=""/>
         <property name="logFolder" value="/Users/preetham/git/SI-GuidedProject-705189-1706291116/Reports/20240131_173621/CURA_TestSuites/CURA_TestSuite_Login_001/20240131_173622"/>
         <property name="logFiles" value="/Users/preetham/git/SI-GuidedProject-705189-1706291116/Reports/20240131_173621/CURA_TestSuites/CURA_TestSuite_Login_001/20240131_173622/execution0.log"/>
         <property name="attachments" value=""/>
         <property name="hostName" value="preetham - localhost"/>
         <property name="os" value="Mac OS X 64bit"/>
         <property name="katalonVersion" value="9.1.0.212"/>
         <property name="browser" value="Chrome 121.0.0.0"/>
         <property name="hostAddress" value="127.0.0.1"/>
         <property name="sessionId" value="a212d8ca4b321ca932144110135b644c"/>
         <property name="seleniumVersion" value="3.141.59"/>
         <property name="proxyInformation" value="ProxyInformation { proxyOption=NO_PROXY, proxyServerType=HTTP, username=, password=********, proxyServerAddress=, proxyServerPort=0, executionList=&quot;&quot;, isApplyToDesiredCapabilities=true }"/>
         <property name="platform" value="Mac OS X"/>
      </properties>
      <testcase name="Test Cases/TC_CURA_Login_001" time="10.827" classname="Test Cases/TC_CURA_Login_001" status="PASSED">
         <system-out><![CDATA[31-01-2024T17:36:35 - [TEST_CASE][PASSED] - Test Cases/TC_CURA_Login_001: Test Cases/TC_CURA_Login_001

31-01-2024T17:36:35 - [TEST_STEP][PASSED] - Start listener action : sampleBeforeTestCase: Current window maximized

31-01-2024T17:36:35 - [TEST_STEP][PASSED] - openBrowser(""): Browser is opened with url: ''

31-01-2024T17:36:35 - [MESSAGE][INFO] - Starting 'Chrome' driver

31-01-2024T17:36:35 - [MESSAGE][INFO] - Action delay is set to 0 milliseconds

31-01-2024T17:36:37 - [MESSAGE][PASSED] - Browser is opened with url: ''

31-01-2024T17:36:37 - [TEST_STEP][PASSED] - navigateToUrl("https://katalon-demo-cura.herokuapp.com/"): Navigate to 'https://katalon-demo-cura.herokuapp.com/' successfully

31-01-2024T17:36:41 - [MESSAGE][PASSED] - Navigate to 'https://katalon-demo-cura.herokuapp.com/' successfully

31-01-2024T17:36:41 - [TEST_STEP][PASSED] - maximizeWindow(): Current window maximized

31-01-2024T17:36:41 - [MESSAGE][PASSED] - Current window maximized

31-01-2024T17:36:41 - [TEST_STEP][PASSED] - Start setup action : setupTestCase: Method 'setupTestCase' complete successfully

31-01-2024T17:36:41 - [TEST_STEP][PASSED] - click(findTestObject("Object Repository/CURA_Pages_OR/Page_CURA Healthcare Service/a_Make Appointment")): Object: 'Object Repository/CURA_Pages_OR/Page_CURA Healthcare Service/a_Make Appointment' is clicked on

31-01-2024T17:36:42 - [MESSAGE][PASSED] - Object: 'Object Repository/CURA_Pages_OR/Page_CURA Healthcare Service/a_Make Appointment' is clicked on

31-01-2024T17:36:42 - [MESSAGE][PASSED] - Method 'setupTestCase' complete successfully

31-01-2024T17:36:42 - [TEST_STEP][PASSED] - setText(findTestObject("Object Repository/CURA_Pages_OR/Page_CURA Healthcare Service/input_Username_username"), findTestData("DDT_Test Data/CURA_Login_TestData").getValue("input_Username", 1)): Text 'John Doe' is set on object 'Object Repository/CURA_Pages_OR/Page_CURA Healthcare Service/input_Username_username'

31-01-2024T17:36:44 - [MESSAGE][PASSED] - Text 'John Doe' is set on object 'Object Repository/CURA_Pages_OR/Page_CURA Healthcare Service/input_Username_username'

31-01-2024T17:36:44 - [TEST_STEP][PASSED] - setText(findTestObject("Object Repository/CURA_Pages_OR/Page_CURA Healthcare Service/input_Password_password"), findTestData("DDT_Test Data/CURA_Login_TestData").getValue("input_Password", 1)): Text 'ThisIsNotAPassword' is set on object 'Object Repository/CURA_Pages_OR/Page_CURA Healthcare Service/input_Password_password'

31-01-2024T17:36:44 - [MESSAGE][PASSED] - Text 'ThisIsNotAPassword' is set on object 'Object Repository/CURA_Pages_OR/Page_CURA Healthcare Service/input_Password_password'

31-01-2024T17:36:44 - [TEST_STEP][PASSED] - click(findTestObject("Object Repository/CURA_Pages_OR/Page_CURA Healthcare Service/button_Login")): Object: 'Object Repository/CURA_Pages_OR/Page_CURA Healthcare Service/button_Login' is clicked on

31-01-2024T17:36:45 - [MESSAGE][PASSED] - Object: 'Object Repository/CURA_Pages_OR/Page_CURA Healthcare Service/button_Login' is clicked on

31-01-2024T17:36:45 - [TEST_STEP][PASSED] - verifyElementPresent(findTestObject("Object Repository/CURA_Pages_OR/Page_CURA Healthcare Service/h2_Make Appointment"), 0): Object 'Object Repository/CURA_Pages_OR/Page_CURA Healthcare Service/h2_Make Appointment' is present

31-01-2024T17:36:45 - [MESSAGE][WARNING] - Timeout '0' is invalid. Using default page load timeout: '30'

31-01-2024T17:36:46 - [MESSAGE][PASSED] - Object 'Object Repository/CURA_Pages_OR/Page_CURA Healthcare Service/h2_Make Appointment' is present

31-01-2024T17:36:46 - [TEST_STEP][PASSED] - Start listener action : sampleAfterTestCase: Browser is closed

31-01-2024T17:36:46 - [TEST_STEP][PASSED] - closeBrowser(): Browser is closed

31-01-2024T17:36:46 - [MESSAGE][PASSED] - Browser is closed]]></system-out>
         <system-err><![CDATA[]]></system-err>
      </testcase>
      <system-out><![CDATA[31-01-2024T17:36:35 - [TEST_SUITE][PASSED] - CURA_TestSuite_Login_001: Test Cases/TC_CURA_Login_001]]></system-out>
      <system-err><![CDATA[]]></system-err>
   </testsuite>
   <testsuite name="CURA_TestSuite_MakeAppointment_002" tests="1" failures="0" errors="0" time="23.137" skipped="0" timestamp="31-01-2024T17:36:57" hostname="preetham - localhost" id="Test Suites/CURA_TestSuites/CURA_TestSuite_MakeAppointment_002">
      <properties>
         <property name="deviceName" value=""/>
         <property name="devicePlatform" value=""/>
         <property name="logFolder" value="/Users/preetham/git/SI-GuidedProject-705189-1706291116/Reports/20240131_173621/CURA_TestSuites/CURA_TestSuite_MakeAppointment_002/20240131_173624"/>
         <property name="logFiles" value="/Users/preetham/git/SI-GuidedProject-705189-1706291116/Reports/20240131_173621/CURA_TestSuites/CURA_TestSuite_MakeAppointment_002/20240131_173624/execution0.log"/>
         <property name="attachments" value=""/>
         <property name="hostName" value="preetham - localhost"/>
         <property name="os" value="Mac OS X 64bit"/>
         <property name="katalonVersion" value="9.1.0.212"/>
         <property name="browser" value="Chrome 121.0.0.0"/>
         <property name="hostAddress" value="127.0.0.1"/>
         <property name="sessionId" value="0086237edc269ba075ebdb31140be0c9"/>
         <property name="seleniumVersion" value="3.141.59"/>
         <property name="proxyInformation" value="ProxyInformation { proxyOption=NO_PROXY, proxyServerType=HTTP, username=, password=********, proxyServerAddress=, proxyServerPort=0, executionList=&quot;&quot;, isApplyToDesiredCapabilities=true }"/>
         <property name="platform" value="Mac OS X"/>
      </properties>
      <testcase name="Test Cases/TC_CURA_MakeAppointment_002" time="22.994" classname="Test Cases/TC_CURA_MakeAppointment_002" status="PASSED">
         <system-out><![CDATA[31-01-2024T17:36:57 - [TEST_CASE][PASSED] - Test Cases/TC_CURA_MakeAppointment_002: Test Cases/TC_CURA_MakeAppointment_002

31-01-2024T17:36:57 - [TEST_STEP][PASSED] - Start listener action : sampleBeforeTestCase: Current window maximized

31-01-2024T17:36:57 - [TEST_STEP][PASSED] - openBrowser(""): Browser is opened with url: ''

31-01-2024T17:36:57 - [MESSAGE][INFO] - Starting 'Chrome' driver

31-01-2024T17:36:57 - [MESSAGE][INFO] - Action delay is set to 0 milliseconds

31-01-2024T17:36:59 - [MESSAGE][PASSED] - Browser is opened with url: ''

31-01-2024T17:36:59 - [TEST_STEP][PASSED] - navigateToUrl("https://katalon-demo-cura.herokuapp.com/"): Navigate to 'https://katalon-demo-cura.herokuapp.com/' successfully

31-01-2024T17:37:02 - [MESSAGE][PASSED] - Navigate to 'https://katalon-demo-cura.herokuapp.com/' successfully

31-01-2024T17:37:02 - [TEST_STEP][PASSED] - maximizeWindow(): Current window maximized

31-01-2024T17:37:03 - [MESSAGE][PASSED] - Current window maximized

31-01-2024T17:37:03 - [TEST_STEP][PASSED] - Start setup action : setupTestCase: Method 'setupTestCase' complete successfully

31-01-2024T17:37:03 - [TEST_STEP][PASSED] - click(findTestObject("Object Repository/CURA_Pages_OR/Page_CURA Healthcare Service/a_Make Appointment")): Object: 'Object Repository/CURA_Pages_OR/Page_CURA Healthcare Service/a_Make Appointment' is clicked on

31-01-2024T17:37:03 - [MESSAGE][PASSED] - Object: 'Object Repository/CURA_Pages_OR/Page_CURA Healthcare Service/a_Make Appointment' is clicked on

31-01-2024T17:37:03 - [TEST_STEP][PASSED] - setText(findTestObject("Object Repository/CURA_Pages_OR/Page_CURA Healthcare Service/input_Username_username"), findTestData("DDT_Test Data/CURA_Login_TestData").getValue("input_Username", 1)): Text 'John Doe' is set on object 'Object Repository/CURA_Pages_OR/Page_CURA Healthcare Service/input_Username_username'

31-01-2024T17:37:05 - [MESSAGE][PASSED] - Text 'John Doe' is set on object 'Object Repository/CURA_Pages_OR/Page_CURA Healthcare Service/input_Username_username'

31-01-2024T17:37:05 - [TEST_STEP][PASSED] - setText(findTestObject("Object Repository/CURA_Pages_OR/Page_CURA Healthcare Service/input_Password_password"), findTestData("DDT_Test Data/CURA_Login_TestData").getValue("input_Password", 1)): Text 'ThisIsNotAPassword' is set on object 'Object Repository/CURA_Pages_OR/Page_CURA Healthcare Service/input_Password_password'

31-01-2024T17:37:05 - [MESSAGE][PASSED] - Text 'ThisIsNotAPassword' is set on object 'Object Repository/CURA_Pages_OR/Page_CURA Healthcare Service/input_Password_password'

31-01-2024T17:37:05 - [TEST_STEP][PASSED] - click(findTestObject("Object Repository/CURA_Pages_OR/Page_CURA Healthcare Service/button_Login")): Object: 'Object Repository/CURA_Pages_OR/Page_CURA Healthcare Service/button_Login' is clicked on

31-01-2024T17:37:06 - [MESSAGE][PASSED] - Object: 'Object Repository/CURA_Pages_OR/Page_CURA Healthcare Service/button_Login' is clicked on

31-01-2024T17:37:06 - [MESSAGE][PASSED] - Method 'setupTestCase' complete successfully

31-01-2024T17:37:07 - [TEST_STEP][PASSED] - verifyOptionPresentByLabel(findTestObject("Object Repository/CURA_Pages_OR/Page_CURA Healthcare Service/select_Tokyo CURA Healthcare Center_5b4107"), "Hongkong CURA Healthcare Center", false, 0): 1 option(s) with label 'Hongkong CURA Healthcare Center' is/are present in object 'Object Repository/CURA_Pages_OR/Page_CURA Healthcare Service/select_Tokyo CURA Healthcare Center_5b4107' 

31-01-2024T17:37:07 - [MESSAGE][WARNING] - Timeout '0' is invalid. Using default page load timeout: '30'

31-01-2024T17:37:07 - [MESSAGE][PASSED] - 1 option(s) with label 'Hongkong CURA Healthcare Center' is/are present in object 'Object Repository/CURA_Pages_OR/Page_CURA Healthcare Service/select_Tokyo CURA Healthcare Center_5b4107' 

31-01-2024T17:37:07 - [TEST_STEP][PASSED] - selectOptionByValue(findTestObject("Object Repository/CURA_Pages_OR/Page_CURA Healthcare Service/select_Tokyo CURA Healthcare Center_5b4107"), "Hongkong CURA Healthcare Center", true): All options with value 'Hongkong CURA Healthcare Center' are selected in object 'Object Repository/CURA_Pages_OR/Page_CURA Healthcare Service/select_Tokyo CURA Healthcare Center_5b4107'  using regular expression

31-01-2024T17:37:08 - [MESSAGE][PASSED] - All options with value 'Hongkong CURA Healthcare Center' are selected in object 'Object Repository/CURA_Pages_OR/Page_CURA Healthcare Service/select_Tokyo CURA Healthcare Center_5b4107'  using regular expression

31-01-2024T17:37:08 - [TEST_STEP][PASSED] - verifyElementClickable(findTestObject("Object Repository/CURA_Pages_OR/Page_CURA Healthcare Service/input_hospital_readmission")): Object 'Object Repository/CURA_Pages_OR/Page_CURA Healthcare Service/input_hospital_readmission' is clickable

31-01-2024T17:37:08 - [MESSAGE][PASSED] - Object 'Object Repository/CURA_Pages_OR/Page_CURA Healthcare Service/input_hospital_readmission' is clickable

31-01-2024T17:37:08 - [TEST_STEP][PASSED] - click(findTestObject("Object Repository/CURA_Pages_OR/Page_CURA Healthcare Service/input_hospital_readmission")): Object: 'Object Repository/CURA_Pages_OR/Page_CURA Healthcare Service/input_hospital_readmission' is clicked on

31-01-2024T17:37:09 - [MESSAGE][PASSED] - Object: 'Object Repository/CURA_Pages_OR/Page_CURA Healthcare Service/input_hospital_readmission' is clicked on

31-01-2024T17:37:09 - [TEST_STEP][PASSED] - delay(1): Delayed 1 second(s)

31-01-2024T17:37:10 - [MESSAGE][PASSED] - Delayed 1 second(s)

31-01-2024T17:37:10 - [TEST_STEP][PASSED] - unchecked = verifyElementNotChecked(findTestObject("Object Repository/CURA_Pages_OR/Page_CURA Healthcare Service/input_Medicaid_programs"), 0): Object 'Object Repository/CURA_Pages_OR/Page_CURA Healthcare Service/input_Medicaid_programs' is not checked

31-01-2024T17:37:10 - [MESSAGE][WARNING] - Timeout '0' is invalid. Using default page load timeout: '30'

31-01-2024T17:37:10 - [MESSAGE][PASSED] - Object 'Object Repository/CURA_Pages_OR/Page_CURA Healthcare Service/input_Medicaid_programs' is not checked

31-01-2024T17:37:10 - [TEST_STEP][PASSED] - click(findTestObject("Object Repository/CURA_Pages_OR/Page_CURA Healthcare Service/input_Medicaid_programs")): Object: 'Object Repository/CURA_Pages_OR/Page_CURA Healthcare Service/input_Medicaid_programs' is clicked on

31-01-2024T17:37:10 - [MESSAGE][PASSED] - Object: 'Object Repository/CURA_Pages_OR/Page_CURA Healthcare Service/input_Medicaid_programs' is clicked on

31-01-2024T17:37:10 - [TEST_STEP][PASSED] - if (unchecked == "true"): null

31-01-2024T17:37:10 - [TEST_STEP][PASSED] - delay(2): Delayed 2 second(s)

31-01-2024T17:37:12 - [MESSAGE][PASSED] - Delayed 2 second(s)

31-01-2024T17:37:12 - [TEST_STEP][PASSED] - verifyElementChecked(findTestObject("Object Repository/CURA_Pages_OR/Page_CURA Healthcare Service/input_Medicaid_programs"), 0): Object 'Object Repository/CURA_Pages_OR/Page_CURA Healthcare Service/input_Medicaid_programs' is checked

31-01-2024T17:37:12 - [MESSAGE][WARNING] - Timeout '0' is invalid. Using default page load timeout: '30'

31-01-2024T17:37:13 - [MESSAGE][PASSED] - Object 'Object Repository/CURA_Pages_OR/Page_CURA Healthcare Service/input_Medicaid_programs' is checked

31-01-2024T17:37:13 - [TEST_STEP][PASSED] - click(findTestObject("Object Repository/CURA_Pages_OR/Page_CURA Healthcare Service/input_visit_date")): Object: 'Object Repository/CURA_Pages_OR/Page_CURA Healthcare Service/input_visit_date' is clicked on

31-01-2024T17:37:13 - [MESSAGE][PASSED] - Object: 'Object Repository/CURA_Pages_OR/Page_CURA Healthcare Service/input_visit_date' is clicked on

31-01-2024T17:37:13 - [TEST_STEP][PASSED] - click(findTestObject("Object Repository/CURA_Pages_OR/Page_CURA Healthcare Service/td_31")): Object: 'Object Repository/CURA_Pages_OR/Page_CURA Healthcare Service/td_31' is clicked on

31-01-2024T17:37:14 - [MESSAGE][PASSED] - Object: 'Object Repository/CURA_Pages_OR/Page_CURA Healthcare Service/td_31' is clicked on

31-01-2024T17:37:14 - [TEST_STEP][PASSED] - setText(findTestObject("Object Repository/CURA_Pages_OR/Page_CURA Healthcare Service/textarea_comment"), "Sample Test"): Text 'Sample Test' is set on object 'Object Repository/CURA_Pages_OR/Page_CURA Healthcare Service/textarea_comment'

31-01-2024T17:37:14 - [MESSAGE][PASSED] - Text 'Sample Test' is set on object 'Object Repository/CURA_Pages_OR/Page_CURA Healthcare Service/textarea_comment'

31-01-2024T17:37:14 - [TEST_STEP][PASSED] - click(findTestObject("Object Repository/CURA_Pages_OR/Page_CURA Healthcare Service/button_Book Appointment")): Object: 'Object Repository/CURA_Pages_OR/Page_CURA Healthcare Service/button_Book Appointment' is clicked on

31-01-2024T17:37:15 - [MESSAGE][PASSED] - Object: 'Object Repository/CURA_Pages_OR/Page_CURA Healthcare Service/button_Book Appointment' is clicked on

31-01-2024T17:37:15 - [TEST_STEP][PASSED] - delay(2): Delayed 2 second(s)

31-01-2024T17:37:17 - [MESSAGE][PASSED] - Delayed 2 second(s)

31-01-2024T17:37:17 - [TEST_STEP][PASSED] - verifyElementPresent(findTestObject("Object Repository/CURA_Pages_OR/Page_CURA Healthcare Service/h2_Appointment Confirmation"), 0): Object 'Object Repository/CURA_Pages_OR/Page_CURA Healthcare Service/h2_Appointment Confirmation' is present

31-01-2024T17:37:17 - [MESSAGE][WARNING] - Timeout '0' is invalid. Using default page load timeout: '30'

31-01-2024T17:37:17 - [MESSAGE][PASSED] - Object 'Object Repository/CURA_Pages_OR/Page_CURA Healthcare Service/h2_Appointment Confirmation' is present

31-01-2024T17:37:17 - [TEST_STEP][PASSED] - Start tear down : tearDownTestCase: Method 'tearDownTestCase' complete successfully

31-01-2024T17:37:17 - [TEST_STEP][PASSED] - click(findTestObject("Object Repository/CURA_Pages_OR/Page_CURA Healthcare Service/amenu-toggle")): Object: 'Object Repository/CURA_Pages_OR/Page_CURA Healthcare Service/amenu-toggle' is clicked on

31-01-2024T17:37:18 - [MESSAGE][PASSED] - Object: 'Object Repository/CURA_Pages_OR/Page_CURA Healthcare Service/amenu-toggle' is clicked on

31-01-2024T17:37:18 - [TEST_STEP][PASSED] - click(findTestObject("Object Repository/CURA_Pages_OR/Page_CURA Healthcare Service/a_Logout")): Object: 'Object Repository/CURA_Pages_OR/Page_CURA Healthcare Service/a_Logout' is clicked on

31-01-2024T17:37:19 - [MESSAGE][PASSED] - Object: 'Object Repository/CURA_Pages_OR/Page_CURA Healthcare Service/a_Logout' is clicked on

31-01-2024T17:37:19 - [TEST_STEP][PASSED] - delay(1): Delayed 1 second(s)

31-01-2024T17:37:20 - [MESSAGE][PASSED] - Delayed 1 second(s)

31-01-2024T17:37:20 - [MESSAGE][PASSED] - Method 'tearDownTestCase' complete successfully

31-01-2024T17:37:20 - [TEST_STEP][PASSED] - Start listener action : sampleAfterTestCase: Browser is closed

31-01-2024T17:37:20 - [TEST_STEP][PASSED] - closeBrowser(): Browser is closed

31-01-2024T17:37:20 - [MESSAGE][PASSED] - Browser is closed]]></system-out>
         <system-err><![CDATA[]]></system-err>
      </testcase>
      <system-out><![CDATA[31-01-2024T17:36:57 - [TEST_SUITE][PASSED] - CURA_TestSuite_MakeAppointment_002: Test Cases/TC_CURA_MakeAppointment_002]]></system-out>
      <system-err><![CDATA[]]></system-err>
   </testsuite>
   <testsuite name="CURA_TestSuite_HistoryValidation_004" tests="1" failures="0" errors="0" time="23.943" skipped="0" timestamp="31-01-2024T17:37:30" hostname="preetham - localhost" id="Test Suites/CURA_TestSuites/CURA_TestSuite_HistoryValidation_004">
      <properties>
         <property name="deviceName" value=""/>
         <property name="devicePlatform" value=""/>
         <property name="logFolder" value="/Users/preetham/git/SI-GuidedProject-705189-1706291116/Reports/20240131_173621/CURA_TestSuites/CURA_TestSuite_HistoryValidation_004/20240131_173626"/>
         <property name="logFiles" value="/Users/preetham/git/SI-GuidedProject-705189-1706291116/Reports/20240131_173621/CURA_TestSuites/CURA_TestSuite_HistoryValidation_004/20240131_173626/execution0.log"/>
         <property name="attachments" value=""/>
         <property name="hostName" value="preetham - localhost"/>
         <property name="os" value="Mac OS X 64bit"/>
         <property name="katalonVersion" value="9.1.0.212"/>
         <property name="browser" value="Chrome 121.0.0.0"/>
         <property name="hostAddress" value="127.0.0.1"/>
         <property name="sessionId" value="d92261a51b91426afa1757deced991cd"/>
         <property name="seleniumVersion" value="3.141.59"/>
         <property name="proxyInformation" value="ProxyInformation { proxyOption=NO_PROXY, proxyServerType=HTTP, username=, password=********, proxyServerAddress=, proxyServerPort=0, executionList=&quot;&quot;, isApplyToDesiredCapabilities=true }"/>
         <property name="platform" value="Mac OS X"/>
      </properties>
      <testcase name="Test Cases/TC_CURA_HistoryValidation_004" time="23.805" classname="Test Cases/TC_CURA_HistoryValidation_004" status="PASSED">
         <system-out><![CDATA[31-01-2024T17:37:30 - [TEST_CASE][PASSED] - Test Cases/TC_CURA_HistoryValidation_004: Test Cases/TC_CURA_HistoryValidation_004

31-01-2024T17:37:30 - [TEST_STEP][PASSED] - Start listener action : sampleBeforeTestCase: Current window maximized

31-01-2024T17:37:30 - [TEST_STEP][PASSED] - openBrowser(""): Browser is opened with url: ''

31-01-2024T17:37:31 - [MESSAGE][INFO] - Starting 'Chrome' driver

31-01-2024T17:37:31 - [MESSAGE][INFO] - Action delay is set to 0 milliseconds

31-01-2024T17:37:32 - [MESSAGE][PASSED] - Browser is opened with url: ''

31-01-2024T17:37:32 - [TEST_STEP][PASSED] - navigateToUrl("https://katalon-demo-cura.herokuapp.com/"): Navigate to 'https://katalon-demo-cura.herokuapp.com/' successfully

31-01-2024T17:37:36 - [MESSAGE][PASSED] - Navigate to 'https://katalon-demo-cura.herokuapp.com/' successfully

31-01-2024T17:37:36 - [TEST_STEP][PASSED] - maximizeWindow(): Current window maximized

31-01-2024T17:37:37 - [MESSAGE][PASSED] - Current window maximized

31-01-2024T17:37:37 - [TEST_STEP][PASSED] - Start setup action : setupTestCase: Method 'setupTestCase' complete successfully

31-01-2024T17:37:37 - [TEST_STEP][PASSED] - click(findTestObject("Object Repository/CURA_Pages_OR/Page_CURA Healthcare Service/a_Make Appointment")): Object: 'Object Repository/CURA_Pages_OR/Page_CURA Healthcare Service/a_Make Appointment' is clicked on

31-01-2024T17:37:38 - [MESSAGE][PASSED] - Object: 'Object Repository/CURA_Pages_OR/Page_CURA Healthcare Service/a_Make Appointment' is clicked on

31-01-2024T17:37:38 - [TEST_STEP][PASSED] - setText(findTestObject("Object Repository/CURA_Pages_OR/Page_CURA Healthcare Service/input_Username_username"), findTestData("DDT_Test Data/CURA_Login_TestData").getValue("input_Username", 1)): Text 'John Doe' is set on object 'Object Repository/CURA_Pages_OR/Page_CURA Healthcare Service/input_Username_username'

31-01-2024T17:37:39 - [MESSAGE][PASSED] - Text 'John Doe' is set on object 'Object Repository/CURA_Pages_OR/Page_CURA Healthcare Service/input_Username_username'

31-01-2024T17:37:39 - [TEST_STEP][PASSED] - setText(findTestObject("Object Repository/CURA_Pages_OR/Page_CURA Healthcare Service/input_Password_password"), findTestData("DDT_Test Data/CURA_Login_TestData").getValue("input_Password", 1)): Text 'ThisIsNotAPassword' is set on object 'Object Repository/CURA_Pages_OR/Page_CURA Healthcare Service/input_Password_password'

31-01-2024T17:37:40 - [MESSAGE][PASSED] - Text 'ThisIsNotAPassword' is set on object 'Object Repository/CURA_Pages_OR/Page_CURA Healthcare Service/input_Password_password'

31-01-2024T17:37:40 - [TEST_STEP][PASSED] - click(findTestObject("Object Repository/CURA_Pages_OR/Page_CURA Healthcare Service/button_Login")): Object: 'Object Repository/CURA_Pages_OR/Page_CURA Healthcare Service/button_Login' is clicked on

31-01-2024T17:37:41 - [MESSAGE][PASSED] - Object: 'Object Repository/CURA_Pages_OR/Page_CURA Healthcare Service/button_Login' is clicked on

31-01-2024T17:37:41 - [MESSAGE][PASSED] - Method 'setupTestCase' complete successfully

31-01-2024T17:37:41 - [TEST_STEP][PASSED] - selectOptionByValue(findTestObject("Object Repository/CURA_Pages_OR/Page_CURA Healthcare Service/select_Tokyo CURA Healthcare Center_5b4107"), "Hongkong CURA Healthcare Center", true): All options with value 'Hongkong CURA Healthcare Center' are selected in object 'Object Repository/CURA_Pages_OR/Page_CURA Healthcare Service/select_Tokyo CURA Healthcare Center_5b4107'  using regular expression

31-01-2024T17:37:42 - [MESSAGE][PASSED] - All options with value 'Hongkong CURA Healthcare Center' are selected in object 'Object Repository/CURA_Pages_OR/Page_CURA Healthcare Service/select_Tokyo CURA Healthcare Center_5b4107'  using regular expression

31-01-2024T17:37:42 - [TEST_STEP][PASSED] - click(findTestObject("Object Repository/CURA_Pages_OR/Page_CURA Healthcare Service/input_hospital_readmission")): Object: 'Object Repository/CURA_Pages_OR/Page_CURA Healthcare Service/input_hospital_readmission' is clicked on

31-01-2024T17:37:42 - [MESSAGE][PASSED] - Object: 'Object Repository/CURA_Pages_OR/Page_CURA Healthcare Service/input_hospital_readmission' is clicked on

31-01-2024T17:37:42 - [TEST_STEP][PASSED] - click(findTestObject("Object Repository/CURA_Pages_OR/Page_CURA Healthcare Service/input_Medicaid_programs")): Object: 'Object Repository/CURA_Pages_OR/Page_CURA Healthcare Service/input_Medicaid_programs' is clicked on

31-01-2024T17:37:42 - [MESSAGE][PASSED] - Object: 'Object Repository/CURA_Pages_OR/Page_CURA Healthcare Service/input_Medicaid_programs' is clicked on

31-01-2024T17:37:43 - [TEST_STEP][PASSED] - click(findTestObject("Object Repository/CURA_Pages_OR/Page_CURA Healthcare Service/input_visit_date")): Object: 'Object Repository/CURA_Pages_OR/Page_CURA Healthcare Service/input_visit_date' is clicked on

31-01-2024T17:37:43 - [MESSAGE][PASSED] - Object: 'Object Repository/CURA_Pages_OR/Page_CURA Healthcare Service/input_visit_date' is clicked on

31-01-2024T17:37:43 - [TEST_STEP][PASSED] - click(findTestObject("Object Repository/CURA_Pages_OR/Page_CURA Healthcare Service/td_31")): Object: 'Object Repository/CURA_Pages_OR/Page_CURA Healthcare Service/td_31' is clicked on

31-01-2024T17:37:43 - [MESSAGE][PASSED] - Object: 'Object Repository/CURA_Pages_OR/Page_CURA Healthcare Service/td_31' is clicked on

31-01-2024T17:37:43 - [TEST_STEP][PASSED] - setText(findTestObject("Object Repository/CURA_Pages_OR/Page_CURA Healthcare Service/textarea_comment"), "Sample Test"): Text 'Sample Test' is set on object 'Object Repository/CURA_Pages_OR/Page_CURA Healthcare Service/textarea_comment'

31-01-2024T17:37:44 - [MESSAGE][PASSED] - Text 'Sample Test' is set on object 'Object Repository/CURA_Pages_OR/Page_CURA Healthcare Service/textarea_comment'

31-01-2024T17:37:44 - [TEST_STEP][PASSED] - click(findTestObject("Object Repository/CURA_Pages_OR/Page_CURA Healthcare Service/button_Book Appointment")): Object: 'Object Repository/CURA_Pages_OR/Page_CURA Healthcare Service/button_Book Appointment' is clicked on

31-01-2024T17:37:45 - [MESSAGE][PASSED] - Object: 'Object Repository/CURA_Pages_OR/Page_CURA Healthcare Service/button_Book Appointment' is clicked on

31-01-2024T17:37:45 - [TEST_STEP][PASSED] - delay(2): Delayed 2 second(s)

31-01-2024T17:37:47 - [MESSAGE][PASSED] - Delayed 2 second(s)

31-01-2024T17:37:47 - [TEST_STEP][PASSED] - click(findTestObject("Object Repository/CURA_Pages_OR/Page_CURA Healthcare Service/amenu-toggle")): Object: 'Object Repository/CURA_Pages_OR/Page_CURA Healthcare Service/amenu-toggle' is clicked on

31-01-2024T17:37:47 - [MESSAGE][PASSED] - Object: 'Object Repository/CURA_Pages_OR/Page_CURA Healthcare Service/amenu-toggle' is clicked on

31-01-2024T17:37:47 - [TEST_STEP][PASSED] - click(findTestObject("Object Repository/CURA_Pages_OR/Page_CURA Healthcare Service/a_History")): Object: 'Object Repository/CURA_Pages_OR/Page_CURA Healthcare Service/a_History' is clicked on

31-01-2024T17:37:48 - [MESSAGE][PASSED] - Object: 'Object Repository/CURA_Pages_OR/Page_CURA Healthcare Service/a_History' is clicked on

31-01-2024T17:37:48 - [TEST_STEP][PASSED] - verifyElementPresent(findTestObject("Object Repository/CURA_Pages_OR/Page_CURA Healthcare Service/h2_History"), 0): Object 'Object Repository/CURA_Pages_OR/Page_CURA Healthcare Service/h2_History' is present

31-01-2024T17:37:48 - [MESSAGE][WARNING] - Timeout '0' is invalid. Using default page load timeout: '30'

31-01-2024T17:37:48 - [MESSAGE][PASSED] - Object 'Object Repository/CURA_Pages_OR/Page_CURA Healthcare Service/h2_History' is present

31-01-2024T17:37:48 - [TEST_STEP][PASSED] - verifyElementText(findTestObject("Object Repository/CURA_Pages_OR/Page_CURA Healthcare Service/div_31012024"), "31/01/2024"): Actual text and expected text of test object 'Object Repository/CURA_Pages_OR/Page_CURA Healthcare Service/div_31012024' are matched.

31-01-2024T17:37:49 - [MESSAGE][PASSED] - Actual text and expected text of test object 'Object Repository/CURA_Pages_OR/Page_CURA Healthcare Service/div_31012024' are matched.

31-01-2024T17:37:49 - [TEST_STEP][PASSED] - verifyElementText(findTestObject("Object Repository/CURA_Pages_OR/Page_CURA Healthcare Service/p_Hongkong CURA Healthcare Center"), "Hongkong CURA Healthcare Center"): Actual text and expected text of test object 'Object Repository/CURA_Pages_OR/Page_CURA Healthcare Service/p_Hongkong CURA Healthcare Center' are matched.

31-01-2024T17:37:49 - [MESSAGE][PASSED] - Actual text and expected text of test object 'Object Repository/CURA_Pages_OR/Page_CURA Healthcare Service/p_Hongkong CURA Healthcare Center' are matched.

31-01-2024T17:37:49 - [TEST_STEP][PASSED] - verifyElementText(findTestObject("Object Repository/CURA_Pages_OR/Page_CURA Healthcare Service/p_Sample Text"), "Sample Test"): Actual text and expected text of test object 'Object Repository/CURA_Pages_OR/Page_CURA Healthcare Service/p_Sample Text' are matched.

31-01-2024T17:37:49 - [MESSAGE][PASSED] - Actual text and expected text of test object 'Object Repository/CURA_Pages_OR/Page_CURA Healthcare Service/p_Sample Text' are matched.

31-01-2024T17:37:49 - [TEST_STEP][PASSED] - delay(2): Delayed 2 second(s)

31-01-2024T17:37:51 - [MESSAGE][PASSED] - Delayed 2 second(s)

31-01-2024T17:37:51 - [TEST_STEP][PASSED] - verifyElementClickable(findTestObject("Object Repository/CURA_Pages_OR/Page_CURA Healthcare Service/a_Go to Homepage")): Object 'Object Repository/CURA_Pages_OR/Page_CURA Healthcare Service/a_Go to Homepage' is clickable

31-01-2024T17:37:52 - [MESSAGE][PASSED] - Object 'Object Repository/CURA_Pages_OR/Page_CURA Healthcare Service/a_Go to Homepage' is clickable

31-01-2024T17:37:52 - [TEST_STEP][PASSED] - Start tear down : tearDownTestCase: Method 'tearDownTestCase' complete successfully

31-01-2024T17:37:52 - [TEST_STEP][PASSED] - click(findTestObject("Object Repository/CURA_Pages_OR/Page_CURA Healthcare Service/amenu-toggle")): Object: 'Object Repository/CURA_Pages_OR/Page_CURA Healthcare Service/amenu-toggle' is clicked on

31-01-2024T17:37:52 - [MESSAGE][PASSED] - Object: 'Object Repository/CURA_Pages_OR/Page_CURA Healthcare Service/amenu-toggle' is clicked on

31-01-2024T17:37:52 - [TEST_STEP][PASSED] - click(findTestObject("Object Repository/CURA_Pages_OR/Page_CURA Healthcare Service/a_Logout")): Object: 'Object Repository/CURA_Pages_OR/Page_CURA Healthcare Service/a_Logout' is clicked on

31-01-2024T17:37:53 - [MESSAGE][PASSED] - Object: 'Object Repository/CURA_Pages_OR/Page_CURA Healthcare Service/a_Logout' is clicked on

31-01-2024T17:37:53 - [TEST_STEP][PASSED] - delay(1): Delayed 1 second(s)

31-01-2024T17:37:54 - [MESSAGE][PASSED] - Delayed 1 second(s)

31-01-2024T17:37:54 - [MESSAGE][PASSED] - Method 'tearDownTestCase' complete successfully

31-01-2024T17:37:54 - [TEST_STEP][PASSED] - Start listener action : sampleAfterTestCase: Browser is closed

31-01-2024T17:37:54 - [TEST_STEP][PASSED] - closeBrowser(): Browser is closed

31-01-2024T17:37:54 - [MESSAGE][PASSED] - Browser is closed]]></system-out>
         <system-err><![CDATA[]]></system-err>
      </testcase>
      <system-out><![CDATA[31-01-2024T17:37:30 - [TEST_SUITE][PASSED] - CURA_TestSuite_HistoryValidation_004: Test Cases/TC_CURA_HistoryValidation_004]]></system-out>
      <system-err><![CDATA[]]></system-err>
   </testsuite>
   <testsuite name="CURA_TestSuite_Logout_005" tests="1" failures="0" errors="0" time="18.225" skipped="0" timestamp="31-01-2024T17:38:05" hostname="preetham - localhost" id="Test Suites/CURA_TestSuites/CURA_TestSuite_Logout_005">
      <properties>
         <property name="deviceName" value=""/>
         <property name="devicePlatform" value=""/>
         <property name="logFolder" value="/Users/preetham/git/SI-GuidedProject-705189-1706291116/Reports/20240131_173621/CURA_TestSuites/CURA_TestSuite_Logout_005/20240131_173628"/>
         <property name="logFiles" value="/Users/preetham/git/SI-GuidedProject-705189-1706291116/Reports/20240131_173621/CURA_TestSuites/CURA_TestSuite_Logout_005/20240131_173628/execution0.log"/>
         <property name="attachments" value=""/>
         <property name="hostName" value="preetham - localhost"/>
         <property name="os" value="Mac OS X 64bit"/>
         <property name="katalonVersion" value="9.1.0.212"/>
         <property name="browser" value="Chrome 121.0.0.0"/>
         <property name="hostAddress" value="127.0.0.1"/>
         <property name="sessionId" value="3f07547a0bbeb297a93b5e6cfbfea9a7"/>
         <property name="seleniumVersion" value="3.141.59"/>
         <property name="proxyInformation" value="ProxyInformation { proxyOption=NO_PROXY, proxyServerType=HTTP, username=, password=********, proxyServerAddress=, proxyServerPort=0, executionList=&quot;&quot;, isApplyToDesiredCapabilities=true }"/>
         <property name="platform" value="Mac OS X"/>
      </properties>
      <testcase name="Test Cases/TC_CURA_Logout_005" time="18.103" classname="Test Cases/TC_CURA_Logout_005" status="PASSED">
         <system-out><![CDATA[31-01-2024T17:38:05 - [TEST_CASE][PASSED] - Test Cases/TC_CURA_Logout_005: Test Cases/TC_CURA_Logout_005

31-01-2024T17:38:05 - [TEST_STEP][PASSED] - Start listener action : sampleBeforeTestCase: Current window maximized

31-01-2024T17:38:05 - [TEST_STEP][PASSED] - openBrowser(""): Browser is opened with url: ''

31-01-2024T17:38:05 - [MESSAGE][INFO] - Starting 'Chrome' driver

31-01-2024T17:38:05 - [MESSAGE][INFO] - Action delay is set to 0 milliseconds

31-01-2024T17:38:07 - [MESSAGE][PASSED] - Browser is opened with url: ''

31-01-2024T17:38:07 - [TEST_STEP][PASSED] - navigateToUrl("https://katalon-demo-cura.herokuapp.com/"): Navigate to 'https://katalon-demo-cura.herokuapp.com/' successfully

31-01-2024T17:38:10 - [MESSAGE][PASSED] - Navigate to 'https://katalon-demo-cura.herokuapp.com/' successfully

31-01-2024T17:38:10 - [TEST_STEP][PASSED] - maximizeWindow(): Current window maximized

31-01-2024T17:38:11 - [MESSAGE][PASSED] - Current window maximized

31-01-2024T17:38:11 - [TEST_STEP][PASSED] - click(findTestObject("Object Repository/CURA_Pages_OR/Page_CURA Healthcare Service/a_Make Appointment")): Object: 'Object Repository/CURA_Pages_OR/Page_CURA Healthcare Service/a_Make Appointment' is clicked on

31-01-2024T17:38:12 - [MESSAGE][PASSED] - Object: 'Object Repository/CURA_Pages_OR/Page_CURA Healthcare Service/a_Make Appointment' is clicked on

31-01-2024T17:38:12 - [TEST_STEP][PASSED] - setText(findTestObject("Object Repository/CURA_Pages_OR/Page_CURA Healthcare Service/input_Username_username"), findTestData("DDT_Test Data/CURA_Login_TestData").getValue("input_Username", 1)): Text 'John Doe' is set on object 'Object Repository/CURA_Pages_OR/Page_CURA Healthcare Service/input_Username_username'

31-01-2024T17:38:13 - [MESSAGE][PASSED] - Text 'John Doe' is set on object 'Object Repository/CURA_Pages_OR/Page_CURA Healthcare Service/input_Username_username'

31-01-2024T17:38:13 - [TEST_STEP][PASSED] - setText(findTestObject("Object Repository/CURA_Pages_OR/Page_CURA Healthcare Service/input_Password_password"), findTestData("DDT_Test Data/CURA_Login_TestData").getValue("input_Password", 1)): Text 'ThisIsNotAPassword' is set on object 'Object Repository/CURA_Pages_OR/Page_CURA Healthcare Service/input_Password_password'

31-01-2024T17:38:13 - [MESSAGE][PASSED] - Text 'ThisIsNotAPassword' is set on object 'Object Repository/CURA_Pages_OR/Page_CURA Healthcare Service/input_Password_password'

31-01-2024T17:38:14 - [TEST_STEP][PASSED] - click(findTestObject("Object Repository/CURA_Pages_OR/Page_CURA Healthcare Service/button_Login")): Object: 'Object Repository/CURA_Pages_OR/Page_CURA Healthcare Service/button_Login' is clicked on

31-01-2024T17:38:14 - [MESSAGE][PASSED] - Object: 'Object Repository/CURA_Pages_OR/Page_CURA Healthcare Service/button_Login' is clicked on

31-01-2024T17:38:14 - [TEST_STEP][PASSED] - verifyElementPresent(findTestObject("Object Repository/CURA_Pages_OR/Page_CURA Healthcare Service/h2_Make Appointment"), 0): Object 'Object Repository/CURA_Pages_OR/Page_CURA Healthcare Service/h2_Make Appointment' is present

31-01-2024T17:38:15 - [MESSAGE][WARNING] - Timeout '0' is invalid. Using default page load timeout: '30'

31-01-2024T17:38:15 - [MESSAGE][PASSED] - Object 'Object Repository/CURA_Pages_OR/Page_CURA Healthcare Service/h2_Make Appointment' is present

31-01-2024T17:38:15 - [TEST_STEP][PASSED] - delay(1): Delayed 1 second(s)

31-01-2024T17:38:16 - [MESSAGE][PASSED] - Delayed 1 second(s)

31-01-2024T17:38:16 - [TEST_STEP][PASSED] - click(findTestObject("Object Repository/CURA_Pages_OR/Page_CURA Healthcare Service/amenu-toggle")): Object: 'Object Repository/CURA_Pages_OR/Page_CURA Healthcare Service/amenu-toggle' is clicked on

31-01-2024T17:38:16 - [MESSAGE][PASSED] - Object: 'Object Repository/CURA_Pages_OR/Page_CURA Healthcare Service/amenu-toggle' is clicked on

31-01-2024T17:38:16 - [TEST_STEP][PASSED] - delay(2): Delayed 2 second(s)

31-01-2024T17:38:18 - [MESSAGE][PASSED] - Delayed 2 second(s)

31-01-2024T17:38:18 - [TEST_STEP][PASSED] - verifyElementPresent(findTestObject("Object Repository/CURA_Pages_OR/Page_CURA Healthcare Service/a_Logout"), 0): Object 'Object Repository/CURA_Pages_OR/Page_CURA Healthcare Service/a_Logout' is present

31-01-2024T17:38:18 - [MESSAGE][WARNING] - Timeout '0' is invalid. Using default page load timeout: '30'

31-01-2024T17:38:19 - [MESSAGE][PASSED] - Object 'Object Repository/CURA_Pages_OR/Page_CURA Healthcare Service/a_Logout' is present

31-01-2024T17:38:19 - [TEST_STEP][PASSED] - verifyElementClickable(findTestObject("Object Repository/CURA_Pages_OR/Page_CURA Healthcare Service/a_Logout")): Object 'Object Repository/CURA_Pages_OR/Page_CURA Healthcare Service/a_Logout' is clickable

31-01-2024T17:38:19 - [MESSAGE][PASSED] - Object 'Object Repository/CURA_Pages_OR/Page_CURA Healthcare Service/a_Logout' is clickable

31-01-2024T17:38:19 - [TEST_STEP][PASSED] - click(findTestObject("Object Repository/CURA_Pages_OR/Page_CURA Healthcare Service/a_Logout")): Object: 'Object Repository/CURA_Pages_OR/Page_CURA Healthcare Service/a_Logout' is clicked on

31-01-2024T17:38:20 - [MESSAGE][PASSED] - Object: 'Object Repository/CURA_Pages_OR/Page_CURA Healthcare Service/a_Logout' is clicked on

31-01-2024T17:38:20 - [TEST_STEP][PASSED] - click(findTestObject("Object Repository/CURA_Pages_OR/Page_CURA Healthcare Service/amenu-toggle")): Object: 'Object Repository/CURA_Pages_OR/Page_CURA Healthcare Service/amenu-toggle' is clicked on

31-01-2024T17:38:20 - [MESSAGE][PASSED] - Object: 'Object Repository/CURA_Pages_OR/Page_CURA Healthcare Service/amenu-toggle' is clicked on

31-01-2024T17:38:20 - [TEST_STEP][PASSED] - delay(2): Delayed 2 second(s)

31-01-2024T17:38:22 - [MESSAGE][PASSED] - Delayed 2 second(s)

31-01-2024T17:38:22 - [TEST_STEP][PASSED] - verifyElementPresent(findTestObject("Object Repository/CURA_Pages_OR/Page_CURA Healthcare Service/a_Login"), 0): Object 'Object Repository/CURA_Pages_OR/Page_CURA Healthcare Service/a_Login' is present

31-01-2024T17:38:22 - [MESSAGE][WARNING] - Timeout '0' is invalid. Using default page load timeout: '30'

31-01-2024T17:38:22 - [MESSAGE][PASSED] - Object 'Object Repository/CURA_Pages_OR/Page_CURA Healthcare Service/a_Login' is present

31-01-2024T17:38:22 - [TEST_STEP][PASSED] - verifyElementClickable(findTestObject("Object Repository/CURA_Pages_OR/Page_CURA Healthcare Service/a_Login")): Object 'Object Repository/CURA_Pages_OR/Page_CURA Healthcare Service/a_Login' is clickable

31-01-2024T17:38:23 - [MESSAGE][PASSED] - Object 'Object Repository/CURA_Pages_OR/Page_CURA Healthcare Service/a_Login' is clickable

31-01-2024T17:38:23 - [TEST_STEP][PASSED] - Start listener action : sampleAfterTestCase: Browser is closed

31-01-2024T17:38:23 - [TEST_STEP][PASSED] - closeBrowser(): Browser is closed

31-01-2024T17:38:23 - [MESSAGE][PASSED] - Browser is closed]]></system-out>
         <system-err><![CDATA[]]></system-err>
      </testcase>
      <system-out><![CDATA[31-01-2024T17:38:05 - [TEST_SUITE][PASSED] - CURA_TestSuite_Logout_005: Test Cases/TC_CURA_Logout_005]]></system-out>
      <system-err><![CDATA[]]></system-err>
   </testsuite>
</testsuites>
