<?xml version="1.0" encoding="UTF-8"?>
<testsuites name="TS_CURA_Login_001" time="11.002" tests="1" failures="0" errors="0">
   <testsuite name="TS_CURA_Login_001" tests="1" failures="0" errors="0" time="11.002" skipped="0" timestamp="31-01-2024T01:11:46" hostname="preetham - preethams-mbp" id="Test Suites/CURA_Test Suites/TS_CURA_Login_001">
      <properties>
         <property name="deviceName" value=""/>
         <property name="devicePlatform" value=""/>
         <property name="logFolder" value="/Users/preetham/git/SI-GuidedProject-705189-1706291116/Reports/20240131_011133/CURA_Test Suites/TS_CURA_Login_001/20240131_011134"/>
         <property name="logFiles" value="/Users/preetham/git/SI-GuidedProject-705189-1706291116/Reports/20240131_011133/CURA_Test Suites/TS_CURA_Login_001/20240131_011134/execution0.log"/>
         <property name="attachments" value=""/>
         <property name="hostName" value="preetham - preethams-mbp"/>
         <property name="os" value="Mac OS X 64bit"/>
         <property name="katalonVersion" value="9.1.0.212"/>
         <property name="browser" value="Chrome 120.0.0.0"/>
         <property name="hostAddress" value="192.168.5.143"/>
         <property name="sessionId" value="1af6103d4169d434ed1c3cef4f0f38fc"/>
         <property name="seleniumVersion" value="3.141.59"/>
         <property name="proxyInformation" value="ProxyInformation { proxyOption=NO_PROXY, proxyServerType=HTTP, username=, password=********, proxyServerAddress=, proxyServerPort=0, executionList=&quot;&quot;, isApplyToDesiredCapabilities=true }"/>
         <property name="platform" value="Mac OS X"/>
      </properties>
      <testcase name="Test Cases/TC_CURA_Login_001" time="10.881" classname="Test Cases/TC_CURA_Login_001" status="PASSED">
         <system-out><![CDATA[31-01-2024T01:11:47 - [TEST_CASE][PASSED] - Test Cases/TC_CURA_Login_001: Test Cases/TC_CURA_Login_001

31-01-2024T01:11:47 - [TEST_STEP][PASSED] - Start listener action : sampleBeforeTestCase: Current window maximized

31-01-2024T01:11:47 - [TEST_STEP][PASSED] - openBrowser(""): Browser is opened with url: ''

31-01-2024T01:11:47 - [MESSAGE][INFO] - Starting 'Chrome' driver

31-01-2024T01:11:47 - [MESSAGE][INFO] - Action delay is set to 0 milliseconds

31-01-2024T01:11:49 - [MESSAGE][PASSED] - Browser is opened with url: ''

31-01-2024T01:11:49 - [TEST_STEP][PASSED] - navigateToUrl("https://katalon-demo-cura.herokuapp.com/"): Navigate to 'https://katalon-demo-cura.herokuapp.com/' successfully

31-01-2024T01:11:52 - [MESSAGE][PASSED] - Navigate to 'https://katalon-demo-cura.herokuapp.com/' successfully

31-01-2024T01:11:52 - [TEST_STEP][PASSED] - maximizeWindow(): Current window maximized

31-01-2024T01:11:53 - [MESSAGE][PASSED] - Current window maximized

31-01-2024T01:11:53 - [TEST_STEP][PASSED] - Start setup action : setupTestCase: Method 'setupTestCase' complete successfully

31-01-2024T01:11:53 - [TEST_STEP][PASSED] - click(findTestObject("Object Repository/CURA_Pages_OR/Page_CURA Healthcare Service/a_Make Appointment")): Object: 'Object Repository/CURA_Pages_OR/Page_CURA Healthcare Service/a_Make Appointment' is clicked on

31-01-2024T01:11:53 - [MESSAGE][PASSED] - Object: 'Object Repository/CURA_Pages_OR/Page_CURA Healthcare Service/a_Make Appointment' is clicked on

31-01-2024T01:11:53 - [MESSAGE][PASSED] - Method 'setupTestCase' complete successfully

31-01-2024T01:11:54 - [TEST_STEP][PASSED] - setText(findTestObject("Object Repository/CURA_Pages_OR/Page_CURA Healthcare Service/input_Username_username"), findTestData("DDT_Test Data/CURA_Login_InternalData").getValue("input_Username", 1)): Text 'John Doe' is set on object 'Object Repository/CURA_Pages_OR/Page_CURA Healthcare Service/input_Username_username'

31-01-2024T01:11:55 - [MESSAGE][PASSED] - Text 'John Doe' is set on object 'Object Repository/CURA_Pages_OR/Page_CURA Healthcare Service/input_Username_username'

31-01-2024T01:11:55 - [TEST_STEP][PASSED] - setText(findTestObject("Object Repository/CURA_Pages_OR/Page_CURA Healthcare Service/input_Password_password"), findTestData("DDT_Test Data/CURA_Login_InternalData").getValue("input_Password", 1)): Text 'ThisIsNotAPassword' is set on object 'Object Repository/CURA_Pages_OR/Page_CURA Healthcare Service/input_Password_password'

31-01-2024T01:11:56 - [MESSAGE][PASSED] - Text 'ThisIsNotAPassword' is set on object 'Object Repository/CURA_Pages_OR/Page_CURA Healthcare Service/input_Password_password'

31-01-2024T01:11:56 - [TEST_STEP][PASSED] - click(findTestObject("Object Repository/CURA_Pages_OR/Page_CURA Healthcare Service/button_Login")): Object: 'Object Repository/CURA_Pages_OR/Page_CURA Healthcare Service/button_Login' is clicked on

31-01-2024T01:11:57 - [MESSAGE][PASSED] - Object: 'Object Repository/CURA_Pages_OR/Page_CURA Healthcare Service/button_Login' is clicked on

31-01-2024T01:11:57 - [TEST_STEP][PASSED] - verifyElementPresent(findTestObject("Object Repository/CURA_Pages_OR/Page_CURA Healthcare Service/h2_Make Appointment"), 0): Object 'Object Repository/CURA_Pages_OR/Page_CURA Healthcare Service/h2_Make Appointment' is present

31-01-2024T01:11:57 - [MESSAGE][WARNING] - Timeout '0' is invalid. Using default page load timeout: '30'

31-01-2024T01:11:57 - [MESSAGE][PASSED] - Object 'Object Repository/CURA_Pages_OR/Page_CURA Healthcare Service/h2_Make Appointment' is present

31-01-2024T01:11:57 - [TEST_STEP][PASSED] - Start listener action : sampleAfterTestCase: Browser is closed

31-01-2024T01:11:57 - [TEST_STEP][PASSED] - closeBrowser(): Browser is closed

31-01-2024T01:11:57 - [MESSAGE][PASSED] - Browser is closed]]></system-out>
         <system-err><![CDATA[]]></system-err>
      </testcase>
      <system-out><![CDATA[31-01-2024T01:11:46 - [TEST_SUITE][PASSED] - TS_CURA_Login_001: Test Cases/TC_CURA_Login_001]]></system-out>
      <system-err><![CDATA[]]></system-err>
   </testsuite>
</testsuites>
