<?xml version="1.0" encoding="UTF-8"?>
<testsuites name="TS_CURA_MakeAppointment_002" time="24.563" tests="1" failures="0" errors="0">
   <testsuite name="TS_CURA_MakeAppointment_002" tests="1" failures="0" errors="0" time="24.563" skipped="0" timestamp="31-01-2024T01:09:13" hostname="preetham - preethams-mbp" id="Test Suites/CURA_Test Suites/TS_CURA_MakeAppointment_002">
      <properties>
         <property name="deviceName" value=""/>
         <property name="devicePlatform" value=""/>
         <property name="logFolder" value="/Users/preetham/git/SI-GuidedProject-705189-1706291116/Reports/20240131_010907/CURA_Test Suites/TS_CURA_MakeAppointment_002/20240131_010907"/>
         <property name="logFiles" value="/Users/preetham/git/SI-GuidedProject-705189-1706291116/Reports/20240131_010907/CURA_Test Suites/TS_CURA_MakeAppointment_002/20240131_010907/execution0.log"/>
         <property name="attachments" value=""/>
         <property name="hostName" value="preetham - preethams-mbp"/>
         <property name="os" value="Mac OS X 64bit"/>
         <property name="katalonVersion" value="9.1.0.212"/>
         <property name="browser" value="Chrome 120.0.0.0"/>
         <property name="hostAddress" value="192.168.5.143"/>
         <property name="sessionId" value="f551e270a6ba4db03e594507ee0740e8"/>
         <property name="seleniumVersion" value="3.141.59"/>
         <property name="proxyInformation" value="ProxyInformation { proxyOption=NO_PROXY, proxyServerType=HTTP, username=, password=********, proxyServerAddress=, proxyServerPort=0, executionList=&quot;&quot;, isApplyToDesiredCapabilities=true }"/>
         <property name="platform" value="Mac OS X"/>
      </properties>
      <testcase name="Test Cases/TC_CURA_MakeAppointment_002" time="24.423" classname="Test Cases/TC_CURA_MakeAppointment_002" status="PASSED">
         <system-out><![CDATA[31-01-2024T01:09:14 - [TEST_CASE][PASSED] - Test Cases/TC_CURA_MakeAppointment_002: Test Cases/TC_CURA_MakeAppointment_002

31-01-2024T01:09:14 - [TEST_STEP][PASSED] - Start listener action : sampleBeforeTestCase: Current window maximized

31-01-2024T01:09:14 - [TEST_STEP][PASSED] - openBrowser(""): Browser is opened with url: ''

31-01-2024T01:09:14 - [MESSAGE][INFO] - Starting 'Chrome' driver

31-01-2024T01:09:14 - [MESSAGE][INFO] - Action delay is set to 0 milliseconds

31-01-2024T01:09:16 - [MESSAGE][PASSED] - Browser is opened with url: ''

31-01-2024T01:09:16 - [TEST_STEP][PASSED] - navigateToUrl("https://katalon-demo-cura.herokuapp.com/"): Navigate to 'https://katalon-demo-cura.herokuapp.com/' successfully

31-01-2024T01:09:19 - [MESSAGE][PASSED] - Navigate to 'https://katalon-demo-cura.herokuapp.com/' successfully

31-01-2024T01:09:19 - [TEST_STEP][PASSED] - maximizeWindow(): Current window maximized

31-01-2024T01:09:20 - [MESSAGE][PASSED] - Current window maximized

31-01-2024T01:09:20 - [TEST_STEP][PASSED] - Start setup action : setupTestCase: Method 'setupTestCase' complete successfully

31-01-2024T01:09:20 - [TEST_STEP][PASSED] - click(findTestObject("Object Repository/CURA_Pages_OR/Page_CURA Healthcare Service/a_Make Appointment")): Object: 'Object Repository/CURA_Pages_OR/Page_CURA Healthcare Service/a_Make Appointment' is clicked on

31-01-2024T01:09:21 - [MESSAGE][PASSED] - Object: 'Object Repository/CURA_Pages_OR/Page_CURA Healthcare Service/a_Make Appointment' is clicked on

31-01-2024T01:09:21 - [TEST_STEP][PASSED] - setText(findTestObject("Object Repository/CURA_Pages_OR/Page_CURA Healthcare Service/input_Username_username"), findTestData("DDT_Test Data/CURA_Login_InternalData").getValue("input_Username", 1)): Text 'John Doe' is set on object 'Object Repository/CURA_Pages_OR/Page_CURA Healthcare Service/input_Username_username'

31-01-2024T01:09:23 - [MESSAGE][PASSED] - Text 'John Doe' is set on object 'Object Repository/CURA_Pages_OR/Page_CURA Healthcare Service/input_Username_username'

31-01-2024T01:09:23 - [TEST_STEP][PASSED] - setText(findTestObject("Object Repository/CURA_Pages_OR/Page_CURA Healthcare Service/input_Password_password"), findTestData("DDT_Test Data/CURA_Login_InternalData").getValue("input_Password", 1)): Text 'ThisIsNotAPassword' is set on object 'Object Repository/CURA_Pages_OR/Page_CURA Healthcare Service/input_Password_password'

31-01-2024T01:09:23 - [MESSAGE][PASSED] - Text 'ThisIsNotAPassword' is set on object 'Object Repository/CURA_Pages_OR/Page_CURA Healthcare Service/input_Password_password'

31-01-2024T01:09:23 - [TEST_STEP][PASSED] - click(findTestObject("Object Repository/CURA_Pages_OR/Page_CURA Healthcare Service/button_Login")): Object: 'Object Repository/CURA_Pages_OR/Page_CURA Healthcare Service/button_Login' is clicked on

31-01-2024T01:09:24 - [MESSAGE][PASSED] - Object: 'Object Repository/CURA_Pages_OR/Page_CURA Healthcare Service/button_Login' is clicked on

31-01-2024T01:09:24 - [MESSAGE][PASSED] - Method 'setupTestCase' complete successfully

31-01-2024T01:09:24 - [TEST_STEP][PASSED] - verifyOptionPresentByLabel(findTestObject("Object Repository/CURA_Pages_OR/Page_CURA Healthcare Service/select_Tokyo CURA Healthcare Center_5b4107"), "Hongkong CURA Healthcare Center", false, 0): 1 option(s) with label 'Hongkong CURA Healthcare Center' is/are present in object 'Object Repository/CURA_Pages_OR/Page_CURA Healthcare Service/select_Tokyo CURA Healthcare Center_5b4107' 

31-01-2024T01:09:25 - [MESSAGE][WARNING] - Timeout '0' is invalid. Using default page load timeout: '30'

31-01-2024T01:09:25 - [MESSAGE][PASSED] - 1 option(s) with label 'Hongkong CURA Healthcare Center' is/are present in object 'Object Repository/CURA_Pages_OR/Page_CURA Healthcare Service/select_Tokyo CURA Healthcare Center_5b4107' 

31-01-2024T01:09:25 - [TEST_STEP][PASSED] - selectOptionByValue(findTestObject("Object Repository/CURA_Pages_OR/Page_CURA Healthcare Service/select_Tokyo CURA Healthcare Center_5b4107"), "Hongkong CURA Healthcare Center", true): All options with value 'Hongkong CURA Healthcare Center' are selected in object 'Object Repository/CURA_Pages_OR/Page_CURA Healthcare Service/select_Tokyo CURA Healthcare Center_5b4107'  using regular expression

31-01-2024T01:09:26 - [MESSAGE][PASSED] - All options with value 'Hongkong CURA Healthcare Center' are selected in object 'Object Repository/CURA_Pages_OR/Page_CURA Healthcare Service/select_Tokyo CURA Healthcare Center_5b4107'  using regular expression

31-01-2024T01:09:26 - [TEST_STEP][PASSED] - verifyElementClickable(findTestObject("Object Repository/CURA_Pages_OR/Page_CURA Healthcare Service/input_hospital_readmission")): Object 'Object Repository/CURA_Pages_OR/Page_CURA Healthcare Service/input_hospital_readmission' is clickable

31-01-2024T01:09:26 - [MESSAGE][PASSED] - Object 'Object Repository/CURA_Pages_OR/Page_CURA Healthcare Service/input_hospital_readmission' is clickable

31-01-2024T01:09:26 - [TEST_STEP][PASSED] - click(findTestObject("Object Repository/CURA_Pages_OR/Page_CURA Healthcare Service/input_hospital_readmission")): Object: 'Object Repository/CURA_Pages_OR/Page_CURA Healthcare Service/input_hospital_readmission' is clicked on

31-01-2024T01:09:27 - [MESSAGE][PASSED] - Object: 'Object Repository/CURA_Pages_OR/Page_CURA Healthcare Service/input_hospital_readmission' is clicked on

31-01-2024T01:09:27 - [TEST_STEP][PASSED] - delay(1): Delayed 1 second(s)

31-01-2024T01:09:28 - [MESSAGE][PASSED] - Delayed 1 second(s)

31-01-2024T01:09:28 - [TEST_STEP][PASSED] - unchecked = verifyElementNotChecked(findTestObject("Object Repository/CURA_Pages_OR/Page_CURA Healthcare Service/input_Medicaid_programs"), 0): Object 'Object Repository/CURA_Pages_OR/Page_CURA Healthcare Service/input_Medicaid_programs' is not checked

31-01-2024T01:09:28 - [MESSAGE][WARNING] - Timeout '0' is invalid. Using default page load timeout: '30'

31-01-2024T01:09:28 - [MESSAGE][PASSED] - Object 'Object Repository/CURA_Pages_OR/Page_CURA Healthcare Service/input_Medicaid_programs' is not checked

31-01-2024T01:09:28 - [TEST_STEP][PASSED] - click(findTestObject("Object Repository/CURA_Pages_OR/Page_CURA Healthcare Service/input_Medicaid_programs")): Object: 'Object Repository/CURA_Pages_OR/Page_CURA Healthcare Service/input_Medicaid_programs' is clicked on

31-01-2024T01:09:28 - [MESSAGE][PASSED] - Object: 'Object Repository/CURA_Pages_OR/Page_CURA Healthcare Service/input_Medicaid_programs' is clicked on

31-01-2024T01:09:28 - [TEST_STEP][PASSED] - if (unchecked == "true"): null

31-01-2024T01:09:28 - [TEST_STEP][PASSED] - delay(2): Delayed 2 second(s)

31-01-2024T01:09:30 - [MESSAGE][PASSED] - Delayed 2 second(s)

31-01-2024T01:09:30 - [TEST_STEP][PASSED] - verifyElementChecked(findTestObject("Object Repository/CURA_Pages_OR/Page_CURA Healthcare Service/input_Medicaid_programs"), 0): Object 'Object Repository/CURA_Pages_OR/Page_CURA Healthcare Service/input_Medicaid_programs' is checked

31-01-2024T01:09:30 - [MESSAGE][WARNING] - Timeout '0' is invalid. Using default page load timeout: '30'

31-01-2024T01:09:31 - [MESSAGE][PASSED] - Object 'Object Repository/CURA_Pages_OR/Page_CURA Healthcare Service/input_Medicaid_programs' is checked

31-01-2024T01:09:31 - [TEST_STEP][PASSED] - click(findTestObject("Object Repository/CURA_Pages_OR/Page_CURA Healthcare Service/input_visit_date")): Object: 'Object Repository/CURA_Pages_OR/Page_CURA Healthcare Service/input_visit_date' is clicked on

31-01-2024T01:09:31 - [MESSAGE][PASSED] - Object: 'Object Repository/CURA_Pages_OR/Page_CURA Healthcare Service/input_visit_date' is clicked on

31-01-2024T01:09:31 - [TEST_STEP][PASSED] - click(findTestObject("Object Repository/CURA_Pages_OR/Page_CURA Healthcare Service/td_31")): Object: 'Object Repository/CURA_Pages_OR/Page_CURA Healthcare Service/td_31' is clicked on

31-01-2024T01:09:31 - [MESSAGE][PASSED] - Object: 'Object Repository/CURA_Pages_OR/Page_CURA Healthcare Service/td_31' is clicked on

31-01-2024T01:09:31 - [TEST_STEP][PASSED] - setText(findTestObject("Object Repository/CURA_Pages_OR/Page_CURA Healthcare Service/textarea_comment"), "Sample Test"): Text 'Sample Test' is set on object 'Object Repository/CURA_Pages_OR/Page_CURA Healthcare Service/textarea_comment'

31-01-2024T01:09:32 - [MESSAGE][PASSED] - Text 'Sample Test' is set on object 'Object Repository/CURA_Pages_OR/Page_CURA Healthcare Service/textarea_comment'

31-01-2024T01:09:32 - [TEST_STEP][PASSED] - click(findTestObject("Object Repository/CURA_Pages_OR/Page_CURA Healthcare Service/button_Book Appointment")): Object: 'Object Repository/CURA_Pages_OR/Page_CURA Healthcare Service/button_Book Appointment' is clicked on

31-01-2024T01:09:33 - [MESSAGE][PASSED] - Object: 'Object Repository/CURA_Pages_OR/Page_CURA Healthcare Service/button_Book Appointment' is clicked on

31-01-2024T01:09:33 - [TEST_STEP][PASSED] - delay(2): Delayed 2 second(s)

31-01-2024T01:09:35 - [MESSAGE][PASSED] - Delayed 2 second(s)

31-01-2024T01:09:35 - [TEST_STEP][PASSED] - verifyElementPresent(findTestObject("Object Repository/CURA_Pages_OR/Page_CURA Healthcare Service/h2_Appointment Confirmation"), 0): Object 'Object Repository/CURA_Pages_OR/Page_CURA Healthcare Service/h2_Appointment Confirmation' is present

31-01-2024T01:09:35 - [MESSAGE][WARNING] - Timeout '0' is invalid. Using default page load timeout: '30'

31-01-2024T01:09:35 - [MESSAGE][PASSED] - Object 'Object Repository/CURA_Pages_OR/Page_CURA Healthcare Service/h2_Appointment Confirmation' is present

31-01-2024T01:09:35 - [TEST_STEP][PASSED] - Start tear down : tearDownTestCase: Method 'tearDownTestCase' complete successfully

31-01-2024T01:09:35 - [TEST_STEP][PASSED] - click(findTestObject("Object Repository/CURA_Pages_OR/Page_CURA Healthcare Service/amenu-toggle")): Object: 'Object Repository/CURA_Pages_OR/Page_CURA Healthcare Service/amenu-toggle' is clicked on

31-01-2024T01:09:36 - [MESSAGE][PASSED] - Object: 'Object Repository/CURA_Pages_OR/Page_CURA Healthcare Service/amenu-toggle' is clicked on

31-01-2024T01:09:36 - [TEST_STEP][PASSED] - click(findTestObject("Object Repository/CURA_Pages_OR/Page_CURA Healthcare Service/a_Logout")): Object: 'Object Repository/CURA_Pages_OR/Page_CURA Healthcare Service/a_Logout' is clicked on

31-01-2024T01:09:37 - [MESSAGE][PASSED] - Object: 'Object Repository/CURA_Pages_OR/Page_CURA Healthcare Service/a_Logout' is clicked on

31-01-2024T01:09:37 - [TEST_STEP][PASSED] - delay(1): Delayed 1 second(s)

31-01-2024T01:09:38 - [MESSAGE][PASSED] - Delayed 1 second(s)

31-01-2024T01:09:38 - [MESSAGE][PASSED] - Method 'tearDownTestCase' complete successfully

31-01-2024T01:09:38 - [TEST_STEP][PASSED] - Start listener action : sampleAfterTestCase: Browser is closed

31-01-2024T01:09:38 - [TEST_STEP][PASSED] - closeBrowser(): Browser is closed

31-01-2024T01:09:38 - [MESSAGE][PASSED] - Browser is closed]]></system-out>
         <system-err><![CDATA[]]></system-err>
      </testcase>
      <system-out><![CDATA[31-01-2024T01:09:13 - [TEST_SUITE][PASSED] - TS_CURA_MakeAppointment_002: Test Cases/TC_CURA_MakeAppointment_002]]></system-out>
      <system-err><![CDATA[]]></system-err>
   </testsuite>
</testsuites>
